:start          0000   00000
:rd_bit         0003   00003
:bit0           0004   00004
:bit1           0006   00006
:bit2           000E   00016
:bit3           000F   00017
:bit4           0010   00020
:bit5           0011   00021
:bit6           0012   00022
:read           0013   00023
:read1          0015   00025
:rd_mk1         0019   00031
:rd_mk2         001B   00033
:rd_mk3         001D   00035
:rd_mk4         001F   00037
:rd_mk5         0021   00041
:rd_mk6         0023   00043
:rd_mk7         0025   00045
:rd_mk8         0027   00047
:rd_mk9         0029   00051
:rd_mk10        002B   00053
:read2          003F   00077
:rd_mksub       005F   00137
:write          007E   00176
:write1         0080   00200
:write2         0081   00201
:wait_16        0092   00222
:wait_15        0093   00223
:wait_14        0094   00224
:wait_13        0095   00225
:wait_12        0096   00226
:wait_11        0097   00227
:wait_10        0098   00230
:wait_9         0099   00231
:wait_8         009A   00232
:wait_3         009F   00237
:wait_2         00A0   00240
:wr0001         00A2   00242
:wr0001l        00A5   00245
:wr0001h        00A7   00247
:wr0001z        00AA   00252
:wr00o0         00AB   00253
:wr00o0z        00AE   00256
:wr0o01         00AF   00257
:wr0o01z        00B3   00263
:wr1000         00B4   00264
:wr1000l        00B9   00271
:wr1000h        00BC   00274
:wr1000z        00BF   00277
:wr100o         00C0   00300
:wr100oz        00C4   00304
:wr110          00C5   00305
:wr110l         00C9   00311
:wr110h         00CB   00313
:wr110z         00CE   00316
:wr011          00CF   00317
:wr011l         00D4   00324
:wr011h         00D5   00325
:wr011z         00D7   00327
:wr010          00D8   00330
:wr010z         00DC   00334
:wr111          00DD   00335
:wr111z         00E1   00341
:wr100          00E2   00342
:wr100z         00E6   00346
:wr100m         00E8   00350
:wr101          00E9   00351
:wr101z         00EC   00354
:wr0000         00ED   00355
:wr0000z        00F1   00361
:wr1001         00F2   00362
:wr1001z        00F6   00366
:end            00FF   00377
