0000 alu_x
0000 flag_true
0000 reset
0001 alu_y
0001 flag_z
0002 alu_not_x
0002 flag_not_z
0003 alu_and
0003 flag_c
0004 alu_or
0004 flag_not_c
0004 reset1
0005 alu_xor
0005 flag_stk
0006 alu_add
0006 flag_p
0007 alu_sub
0007 reset0
0007 reset2
0007 reset3
0008 alu_bic
0009 rg_bs
000a alu_mul0
000a rg_p
000b ADDRESS-SIZE
000b alu_mul1
000b rg_g
000c rg_l
000d rg_m
000e alu_add_xb
000e rg_s
000f alu_lxb
000f rg_f
0010 alu_sxb
0010 rg_stk
0011 alu_lss
0011 rg_h
0012 alu_leq
0012 rg_pc
0013 alu_gtr
0014 alu_geq
0014 console
0015 alu_equ
0016 alu_neq
0017 alu_y_xb0
0018 alu_shr
001a alu_lxb_nc
001b alu_shrs
001e alu_ror_xy
001f alu_rol_xy
0028 INSTRUCTION-SIZE
0030 cl_loop
0037 cl_pf
0039 cl_ok
003a cl_cw
003c cl_ch
0045 cl30
004c cl20
0055 cl21
0059 cl5
005b cl1
0061 cl6
0062 cl13
0065 cl2
0069 cl16
006d cl3
0073 cl4
0079 cl8
007a cl9
007d cl7
0085 cl15
0087 cl11
008a cl_err
008e loader_command
008f lc1
0090 lc2
0094 lc4
0096 lc3
009c lc5
00a1 boot_ata
00a9 ba1
00af ba2
00ba read_hex_digit
00c4 print_byte
00c8 print_word
00c9 pw1
00ce pw2
00d3 save_regs
00da save_stack
00de ss2
00df ss3
00e4 restore_regs
00ec restore_stack
00f0 rr2
00f4 ini_tlb
00f9 ini_tlb1
00ff ini_tlb2
0106 trap-3
0108 trap-7
010a trap-41
010c trap-49
010e trap-4a-push-r3-r2
010f trap-4a-push-r2
0110 trap-4a
0112 trap-and-halt
0114 trap
0115 trap0
011f trap2
0122 trap1
0124 trap-disabled
012e trap4
012f trap-enabled
0132 trap-vec-0
0137 trap-hndl0
013b trap-hndl1
013f trap-hndl2
0141 trap-vec-1
0142 trap-vec-10
0142 trap-vec-11
0142 trap-vec-12
0142 trap-vec-13
0142 trap-vec-14
0142 trap-vec-15
0142 trap-vec-2
0142 trap-vec-3
0142 trap-vec-4
0142 trap-vec-5
0142 trap-vec-6
0142 trap-vec-7
0142 trap-vec-8
0142 trap-vec-9
0143 ret_skip1
0144 return-jump
0145 return-jump1
0146 ret
0146 return-jump2
0147 LID
0148 LIW
014b LEA
0150 JLFC
0152 JLF
0155 JSFC
0157 JLBC
0159 JLB
015c JSBC
015e LLW
015f LGW
0160 LEW
0165 LSW
0166 SLW
0167 SGW
0168 SEW
016d SSW
016f LXB
0171 LXW
0172 SXB
0176 SXW
0178 SETM
017e TRA
017f tra1
0186 TR
0188 IDLE
018a MUL
018c mul_nn
018e mul_p
0191 mul_pn
0192 mul_n
0196 mul_xp
0197 mul_np
0199 DIV
019f div
01a3 div1
01a8 div2
01aa div3
01ad div4
01b1 div6
01b6 div8
01ba div9
01bb div7
01be SHR
01c4 shr3
01c7 shr2
01cb shr4
01d0 shr5
01d3 shr1
01d4 IO6
01d6 IO7
01d9 fp_unpack
01e1 fp_up1
01e5 fp_unpack_y
01eb fp_up2
01ef fp_pack_0
01f0 fp_pack
01f2 fp_pk2
01f5 fp_pk1
01f9 fp_pk4
01fd fp_pk9
0201 fp_pk10
0205 fp_pk3
020b fp_pk5
020e fp_pk8
0213 fp_pk6
0217 fp_pk7
021c fp_trap-nan
0222 fp_trap-42
0228 fp_trap-43
022b FSUB
022c FADD
0235 fadd4
0238 fadd1
023b fadd3
023d fadd2
0240 fadd5
0243 fadd6
0247 fadd7
024a FMUL
0256 fmul1
0259 fmul2
025d fmul6
025f FDIV
0269 fdiv3
026d fdiv4
0271 fdiv5
0274 fdiv1
0278 fdiv2
027d fdiv6
027f FCMP
0289 fcmp1
028c fcmp2
028f fcmp3
0292 fcmp4
0294 FABS
0296 FNEG
0298 FFCT
029e ffct_float
02a4 ffct_trunc
02a9 ff_tr4
02aa ff_tr1
02ae ff_tr2
02b5 ff_tr3
02b9 ABS
02bb abs1
02bc IN
02c1 in3
02c2 BIT
02c5 MOD
02cb LODFV
02cd STOFV
02d0 CPCOP
02d2 PCOP
02d6 cpcop1
02dd ENTC
02f2 entc1
02f5 XIT
02f8 ADDPC
02fc ORJMP
02fe MOVE
0301 move2
0307 move1
0309 move4
0316 CHKNIL
0319 LSTA
031c COMP
031e comp2
0332 comp1
0335 GB
0338 gb2
033b gb1
033c CHK
0343 CHKZ
0349 ALLOC
034b RTN
034f rtn1
0352 CX
0356 cx1
035e cx2
0362 CI
0365 CF
036b cl_n
036c cl_m
0371 INCL
0377 EXCL
037d INL
0382 inl1
0389 QUOT
0393 QUOT-SHRQ
0394 QUOT-QUOT
0398 QUOT-ANDQ
0399 QUOT-REM
039d INC1
03a0 DEC1
03a3 INC
03a7 DEC
03ab STOT
03ad LODT
03af LXA
03b2 LPC
03b8 PDX
03c2 SWAP
03c3 LPA
03c4 LPW
03c6 SPW
03c8 SSWU
03cb RCHK
03d0 RCHZ
03d4 CM
03de SYS
03e7 sys0
03e8 sys1
03e9 DOT
03ec sys2
06e0 int0
06e2 int1
06e4 int2
06e6 int3
06e8 int4
06ea int5
06ec int6
06ee int7
0700 LI0
071b JSF
071f JSB
0781 QUIT
